<?xml version="1.0" encoding="UTF-8"?>
<!-- Generated by org.testng.reporters.JUnitReportReporter -->
<testsuite hostname="MSI-WORK" failures="0" tests="3" name="test.OrangeHRMLoginTest" time="99.562" errors="0" timestamp="2024-11-16T03:15:31 IST" skipped="0">
  <testcase classname="test.OrangeHRMLoginTest" name="testLogin" time="12.856"/>
  <system-out/>
  <testcase classname="test.OrangeHRMLoginTest" name="testLogin" time="46.403"/>
  <system-out/>
  <testcase classname="test.OrangeHRMLoginTest" name="testLogin" time="40.303"/>
  <system-out/>
</testsuite> <!-- test.OrangeHRMLoginTest -->
