<?xml version="1.0" encoding="UTF-8"?>
<!-- Generated by org.testng.reporters.JUnitReportReporter -->
<testsuite hostname="MSI-WORK" failures="0" tests="1" name="tests.LoginTest" time="2.677" errors="0" timestamp="2024-11-15T17:48:35 IST" skipped="0">
  <testcase classname="tests.LoginTest" name="testLogin" time="2.677"/>
  <system-out/>
</testsuite> <!-- tests.LoginTest -->
