<?xml version="1.0" encoding="UTF-8"?>
<!-- Generated by org.testng.reporters.JUnitReportReporter -->
<testsuite hostname="MSI-WORK" failures="0" tests="5" name="com.hrm.scenario2.OrangeHRMTest" time="68.732" errors="0" timestamp="2024-11-16T20:57:18 IST" skipped="0">
  <testcase classname="com.hrm.scenario2.OrangeHRMTest" name="testSearchByUserName" time="14.809"/>
  <system-out/>
  <testcase classname="com.hrm.scenario2.OrangeHRMTest" name="testLeftMenuOptionsCount" time="12.722"/>
  <system-out/>
  <testcase classname="com.hrm.scenario2.OrangeHRMTest" name="testSearchByUserRole" time="16.463"/>
  <system-out/>
  <testcase classname="com.hrm.scenario2.OrangeHRMTest" name="testLogin" time="10.581"/>
  <system-out/>
  <testcase classname="com.hrm.scenario2.OrangeHRMTest" name="testSearchByUserStatus" time="14.157"/>
  <system-out/>
</testsuite> <!-- com.hrm.scenario2.OrangeHRMTest -->
